2016-03-28 16:06:17.889/1.783 Oracle Coherence 12.1.3.0.0 <Info> (thread=main, member=n/a): Loaded operational configuration from "jar:file:/C:/Oracle/Middleware/OracleSOA/coherence/lib/coherence.jar!/tangosol-coherence.xml"
2016-03-28 16:06:17.949/1.843 Oracle Coherence 12.1.3.0.0 <Info> (thread=main, member=n/a): Loaded operational overrides from "jar:file:/C:/Oracle/Middleware/OracleSOA/coherence/lib/coherence.jar!/tangosol-coherence-override-dev.xml"
2016-03-28 16:06:17.950/1.844 Oracle Coherence 12.1.3.0.0 <D5> (thread=main, member=n/a): Optional configuration override "/tangosol-coherence-override.xml" is not specified
2016-03-28 16:06:17.952/1.846 Oracle Coherence 12.1.3.0.0 <D5> (thread=main, member=n/a): Optional configuration override "cache-factory-config.xml" is not specified
2016-03-28 16:06:17.953/1.847 Oracle Coherence 12.1.3.0.0 <D5> (thread=main, member=n/a): Optional configuration override "cache-factory-builder-config.xml" is not specified
2016-03-28 16:06:17.953/1.847 Oracle Coherence 12.1.3.0.0 <D5> (thread=main, member=n/a): Optional configuration override "/custom-mbeans.xml" is not specified

Oracle Coherence Version 12.1.3.0.0 Build 52031
 Grid Edition: Development mode
Copyright (c) 2000, 2014, Oracle and/or its affiliates. All rights reserved.

2016-03-28 16:06:18.124/2.018 Oracle Coherence GE 12.1.3.0.0 <Info> (thread=main, member=n/a): Created cache factory com.tangosol.net.DefaultConfigurableCacheFactory
Mar 28, 2016 4:06:19 PM oracle.fabric.common.wsdl.SchemaManager isIncrementalBuildSupported
INFO: XMLSchema incremental build enabled.
Mar 28, 2016 4:06:20 PM oracle.integration.platform.blocks.PlatformConfigurationProvider getPlatformConfigurationProvider
WARNING: JRF is unable to determine the current application server platform.
Schema validation failed with exception "Invalid element 'element' in 'all'"
oracle.xml.parser.schema.XSDException: Invalid element 'element' in 'all'
	at oracle.xml.parser.schema.XSDBuilder.buildSchema(XSDBuilder.java:1124)
	at oracle.xml.parser.schema.XSDBuilder.build(XSDBuilder.java:630)
	at oracle.soa.scac.ValidationFaultUtil.validateSourceWithSchema(ValidationFaultUtil.java:182)
	at oracle.soa.scac.ValidationFaultUtil.validateWithSchema(ValidationFaultUtil.java:241)
	at oracle.soa.scac.ValidationFaultUtil.validateWithSchema(ValidationFaultUtil.java:225)
	at oracle.soa.scac.ValidateComposite.validateFaultPolicy(ValidateComposite.java:1305)
	at oracle.soa.scac.ValidateComposite.doValidation0(ValidateComposite.java:528)
	at oracle.soa.scac.ValidateComposite.doValidation(ValidateComposite.java:501)
	at oracle.soa.scac.ValidateComposite.run0(ValidateComposite.java:219)
	at oracle.soa.scac.ValidateComposite.run(ValidateComposite.java:200)
	at oracle.soa.scac.ValidateComposite.main(ValidateComposite.java:192)
